<?xml version="1.0" encoding="UTF-8"?>
<!-- Generated by org.testng.reporters.JUnitReportReporter -->
<testsuite skipped="0" hostname="PNGD1375" name="automationFramework.Grouping" tests="5" failures="0" timestamp="22 Jan 2019 05:48:56 GMT" time="0.018" errors="0">
  <testcase name="Scooter2" time="0.001" classname="automationFramework.Grouping"/>
  <testcase name="Scooter1" time="0.002" classname="automationFramework.Grouping"/>
  <testcase name="Car1" time="0.011" classname="automationFramework.Grouping"/>
  <testcase name="Sedan1" time="0.002" classname="automationFramework.Grouping"/>
  <testcase name="Car2" time="0.002" classname="automationFramework.Grouping"/>
</testsuite> <!-- automationFramework.Grouping -->
