<?xml version="1.0" encoding="UTF-8"?>
<!-- Generated by org.testng.reporters.JUnitReportReporter -->
<testsuite skipped="0" hostname="PNGD1375" name="automationFramework.ReporterLogs" tests="1" failures="0" timestamp="22 Jan 2019 12:37:25 GMT" time="17.205" errors="0">
  <testcase name="test" time="17.205" classname="automationFramework.ReporterLogs"/>
</testsuite> <!-- automationFramework.ReporterLogs -->
