<?xml version="1.0" encoding="UTF-8"?>
<!-- Generated by org.testng.reporters.JUnitReportReporter -->
<testsuite skipped="0" hostname="PNGD1375" name="automationFramework.TestNGTest" tests="1" failures="0" timestamp="22 Jan 2019 13:10:03 GMT" time="15.855" errors="0">
  <testcase name="main" time="15.855" classname="automationFramework.TestNGTest"/>
</testsuite> <!-- automationFramework.TestNGTest -->
