<?xml version="1.0" encoding="UTF-8"?>
<!-- Generated by org.testng.reporters.JUnitReportReporter -->
<testsuite skipped="1" hostname="PNGD1375" name="automationFramework.MultipleTest" tests="4" failures="0" timestamp="22 Jan 2019 11:46:21 GMT" time="0.014" errors="0">
  <testcase name="One" time="0.012" classname="automationFramework.MultipleTest"/>
  <testcase name="Two" time="0.001" classname="automationFramework.MultipleTest"/>
  <testcase name="Four" time="0.001" classname="automationFramework.MultipleTest"/>
  <testcase name="Three" classname="automationFramework.MultipleTest">
    <skipped/>
  </testcase> <!-- Three -->
</testsuite> <!-- automationFramework.MultipleTest -->
