<?xml version="1.0" encoding="UTF-8"?>
<!-- Generated by org.testng.reporters.JUnitReportReporter -->
<testsuite skipped="0" hostname="PNGD1375" name="automationFramework.TestngParameters" tests="1" failures="0" timestamp="22 Jan 2019 13:11:09 GMT" time="16.227" errors="0">
  <testcase name="test" time="16.227" classname="automationFramework.TestngParameters"/>
</testsuite> <!-- automationFramework.TestngParameters -->
