<?xml version="1.0" encoding="UTF-8"?>
<!-- Generated by org.testng.reporters.JUnitReportReporter -->
<testsuite skipped="0" hostname="PNGD1375" name="automationFramework.DataProviderWithExcel_001" tests="2" failures="0" timestamp="24 Jan 2019 10:41:27 GMT" time="41.214" errors="0">
  <testcase name="Registration_data" time="27.175" classname="automationFramework.DataProviderWithExcel_001"/>
  <testcase name="Registration_data" time="14.039" classname="automationFramework.DataProviderWithExcel_001"/>
</testsuite> <!-- automationFramework.DataProviderWithExcel_001 -->
