<?xml version="1.0" encoding="UTF-8"?>
<!-- Generated by org.testng.reporters.JUnitReportReporter -->
<testsuite skipped="0" hostname="PNGD1375" name="automationFramework.Sequencing" tests="2" failures="0" timestamp="29 Jan 2019 13:18:32 GMT" time="0.008" errors="0">
  <testcase name="testCase2" time="0.002" classname="automationFramework.Sequencing"/>
  <testcase name="testCase1" time="0.006" classname="automationFramework.Sequencing"/>
</testsuite> <!-- automationFramework.Sequencing -->
